----Print Arguments Setting------
data:
exp                                               :stabilzation_train
checkpoints_dir                                   :./checkpoint
log                                               :./log
data_dir                                          :./dataset_release
use_cuda                                          :True
batch_size                                        :16
resize_ratio                                      :0.25
number_real                                       :10
number_virtual                                    :2
time_train                                        :2000
sample_freq                                       :40
channel_size                                      :1
num_workers                                       :16


model:
load_model                                        :None
cnn                                               :{'activate_function': 'relu', 'batch_norm': True, 'gap': False, 'layers': None}
rnn                                               :{'layers': [[512, True], [512, True]]}
fc                                                :{'activate_function': 'relu', 'batch_norm': False, 'layers': [[256, True], [4, True]], 'drop_out': 0}


train:
optimizer                                         :adam
momentum                                          :0.9
decay_epoch                                       :None
epoch                                             :400
snapshot                                          :2
init_lr                                           :0.0001
lr_decay                                          :0.5
lr_step                                           :200
seed                                              :1
weight_decay                                      :0.0001
clip_norm                                         :False
init                                              :xavier_uniform


loss:
follow                                            :10
angle                                             :1
smooth                                            :10
c2_smooth                                         :200
undefine                                          :2.0
opt                                               :0.1
stay                                              :0


0:Sequential(
  (0): LayerLSTM(
    (LSTM): LSTMCell(156, 512)
  )
  (1): LayerLSTM(
    (LSTM): LSTMCell(512, 512)
  )
)
1:Sequential(
  (0): LayerFC(
    (fc): Linear(in_features=512, out_features=256, bias=True)
    (activation): ReLU()
  )
  (1): LayerFC(
    (fc): Linear(in_features=256, out_features=4, bias=True)
  )
)
0:DoubleConv(
  (double_conv): Sequential(
    (0): Conv2d(4, 8, kernel_size=(3, 3), stride=(1, 1), padding=(1, 1))
    (1): ReLU(inplace)
  )
)
1:Down(
  (maxpool_conv): Sequential(
    (0): MaxPool2d(kernel_size=4, stride=4, padding=0, dilation=1, ceil_mode=False)
    (1): DoubleConv(
      (double_conv): Sequential(
        (0): Conv2d(8, 16, kernel_size=(3, 3), stride=(1, 1), padding=(1, 1))
        (1): ReLU(inplace)
      )
    )
  )
)
2:Down(
  (maxpool_conv): Sequential(
    (0): MaxPool2d(kernel_size=4, stride=4, padding=0, dilation=1, ceil_mode=False)
    (1): DoubleConv(
      (double_conv): Sequential(
        (0): Conv2d(16, 32, kernel_size=(3, 3), stride=(1, 1), padding=(1, 1))
        (1): ReLU(inplace)
      )
    )
  )
)
3:Down(
  (maxpool_conv): Sequential(
    (0): MaxPool2d(kernel_size=4, stride=4, padding=0, dilation=1, ceil_mode=False)
    (1): DoubleConv(
      (double_conv): Sequential(
        (0): Conv2d(32, 64, kernel_size=(3, 3), stride=(1, 1), padding=(1, 1))
        (1): ReLU(inplace)
      )
    )
  )
)
4:Down(
  (maxpool_conv): Sequential(
    (0): MaxPool2d(kernel_size=4, stride=4, padding=0, dilation=1, ceil_mode=False)
    (1): DoubleConv(
      (double_conv): Sequential(
        (0): Conv2d(64, 128, kernel_size=(3, 3), stride=(1, 1), padding=(1, 1))
        (1): ReLU(inplace)
      )
    )
  )
)
5:LayerFC(
  (fc): Linear(in_features=128, out_features=64, bias=True)
  (activation): ReLU()
)
-----------Load Dataset----------
./dataset_release\training\s0_outdoor_panning_quick_VID_20200304_143946
frame: (683, 7)    gyro: (2536, 5)    ois: (2969, 3)    
./dataset_release\training\s0_outdoor_panning_slow_VID_20200304_143932
frame: (1003, 7)    gyro: (3643, 5)    ois: (4366, 3)    
./dataset_release\training\s14_indoor_rotation_static_scene_VID_20200304_144306
frame: (834, 7)    gyro: (3142, 5)    ois: (3984, 3)    
./dataset_release\training\s14_indoor_rotation_static_scene_VID_20200304_144329
frame: (698, 7)    gyro: (2610, 5)    ois: (3615, 3)    
./dataset_release\training\s14_indoor_rotation_static_scene_VID_20200304_145329
frame: (1274, 7)    gyro: (4551, 5)    ois: (5655, 3)    
./dataset_release\training\s16_outdoor_tracking_VID_20200304_144024
frame: (910, 7)    gyro: (3362, 5)    ois: (4232, 3)    
./dataset_release\training\s16_outdoor_tracking_VID_20200304_145358
frame: (966, 7)    gyro: (3531, 5)    ois: (4299, 3)    
./dataset_release\training\s1_outdoor_walking_forward_VID_20200304_143510
frame: (1064, 7)    gyro: (3833, 5)    ois: (4617, 3)    
./dataset_release\training\s1_outdoor_walking_forward_VID_20200304_143533
frame: (919, 7)    gyro: (3418, 5)    ois: (4065, 3)    
./dataset_release\training\s1_outdoor_walking_forward_VID_20200304_143600
frame: (969, 7)    gyro: (3605, 5)    ois: (4295, 3)    
./dataset_release\training\s1_outdoor_walking_forward_shift_VID_20200304_144157
frame: (1378, 7)    gyro: (4917, 5)    ois: (7729, 3)    
./dataset_release\training\s1_outdoor_walking_forward_slerp_VID_20200304_143652
frame: (1046, 7)    gyro: (3803, 5)    ois: (4569, 3)    
./dataset_release\training\s2_outdoor_runing_forward_VID_20200304_143817
frame: (585, 7)    gyro: (2196, 5)    ois: (2600, 3)    
./dataset_release\training\s2_outdoor_runing_forward_VID_20200304_143907
frame: (891, 7)    gyro: (3237, 5)    ois: (3860, 3)    
./dataset_release\training\s2_outdoor_runing_forward_VID_20200304_144434
frame: (588, 7)    gyro: (2224, 5)    ois: (2564, 3)    
./dataset_release\training\s2_outdoor_runing_forward_slerp_VID_20200304_143735
frame: (530, 7)    gyro: (2028, 5)    ois: (2318, 3)    
./dataset_release\test\s_101_outdoor_walking_backward_dancing_person_daytime
frame: (480, 7)    gyro: (3531, 5)    ois: (3678, 3)    
./dataset_release\test\s_101_outdoor_walking_backward_dancing_person_night
frame: (628, 7)    gyro: (4539, 5)    ois: (6619, 3)    
./dataset_release\test\s_102_outdoor_walking_backward_moving_person_daytime
frame: (586, 7)    gyro: (4267, 5)    ois: (4490, 3)    
./dataset_release\test\s_102_outdoor_walking_backward_moving_person_night
frame: (539, 7)    gyro: (3924, 5)    ois: (5663, 3)    
./dataset_release\test\s_103_outdoor_moving_large_object_night
frame: (412, 7)    gyro: (3045, 5)    ois: (3157, 3)    
./dataset_release\test\s_103b_outdoor_moving_large_object_daytime
frame: (496, 7)    gyro: (3642, 5)    ois: (3796, 3)    
./dataset_release\test\s_103b_outdoor_moving_large_object_night
frame: (598, 7)    gyro: (4330, 5)    ois: (5280, 3)    
./dataset_release\test\s_103c_outdoor_moving_large_object_daytime
frame: (651, 7)    gyro: (4717, 5)    ois: (4988, 3)    
./dataset_release\test\s_103c_outdoor_moving_large_object_night
frame: (462, 7)    gyro: (3393, 5)    ois: (4825, 3)    
./dataset_release\test\s_104_outdoor_moving_fountain_daytime
frame: (474, 7)    gyro: (3472, 5)    ois: (3626, 3)    
./dataset_release\test\s_104b_outdoor_moving_fountain_daytime
frame: (608, 7)    gyro: (4397, 5)    ois: (4653, 3)    
./dataset_release\test\s_104c_outdoor_moving_fountain_daytime
frame: (480, 7)    gyro: (3513, 5)    ois: (3678, 3)    
./dataset_release\test\s_105_outdoor_rotate_around_bush_parallax_night
frame: (752, 7)    gyro: (5392, 5)    ois: (5788, 3)    
./dataset_release\test\s_105b_outdoor_rotate_around_bush_parallax_daytime
frame: (799, 7)    gyro: (5744, 5)    ois: (6122, 3)    
./dataset_release\test\s_106_outdoor_walking_building_parallax_daytime
frame: (688, 7)    gyro: (4973, 5)    ois: (5267, 3)    
./dataset_release\test\s_106b_outdoor_walking_building_parallax_night
frame: (660, 7)    gyro: (4758, 5)    ois: (5901, 3)    
./dataset_release\test\s_107_outdoor_walking_roadside_parallax_night
frame: (261, 7)    gyro: (2002, 5)    ois: (2026, 3)    
./dataset_release\test\s_107b_outdoor_walking_roadside_parallax_daytime
frame: (721, 7)    gyro: (5203, 5)    ois: (5525, 3)    
./dataset_release\test\s_107b_outdoor_walking_roadside_parallax_night
frame: (715, 7)    gyro: (5137, 5)    ois: (5479, 3)    
./dataset_release\test\s_107c_outdoor_walking_roadside_parallax_daytime
frame: (726, 7)    gyro: (5238, 5)    ois: (5561, 3)    
./dataset_release\test\s_110_indoor_walking_turning_night
frame: (659, 7)    gyro: (4752, 5)    ois: (6939, 3)    
./dataset_release\test\s_110b_indoor_walking_turning
frame: (610, 7)    gyro: (4411, 5)    ois: (5015, 3)    
./dataset_release\test\s_114_outdoor_running_trail_daytime
frame: (511, 7)    gyro: (3746, 5)    ois: (3916, 3)    
./dataset_release\test\s_114b_outdoor_running_trail_daytime
frame: (661, 7)    gyro: (4786, 5)    ois: (5064, 3)    
./dataset_release\test\s_114b_outdoor_running_trail_night
frame: (444, 7)    gyro: (3266, 5)    ois: (3541, 3)    
./dataset_release\test\s_115b_outdoor_running_upstairs_night
frame: (543, 7)    gyro: (3950, 5)    ois: (4181, 3)    
./dataset_release\test\s_115c_outdoor_running_Upstairs_daytime
frame: (442, 7)    gyro: (3252, 5)    ois: (3386, 3)    
./dataset_release\test\s_115d_outdoor_running_downstairs_daytime
frame: (528, 7)    gyro: (3846, 5)    ois: (4046, 3)    
./dataset_release\test\s_116_outdoor_running_pavilion_daytime
frame: (529, 7)    gyro: (7451, 5)    ois: (8007, 3)    
./dataset_release\test\s_116_outdoor_running_pavilion_night
frame: (444, 7)    gyro: (3266, 5)    ois: (3406, 3)    
./dataset_release\test\s_117_outdoor_edgecase_hollowobject
frame: (704, 7)    gyro: (5086, 5)    ois: (5393, 3)    
./dataset_release\test\s_117_outdoor_edgecase_hollowobject_night
frame: (705, 7)    gyro: (5071, 5)    ois: (6543, 3)    
./dataset_release\test\s_118_outdoor_driving_parallax_daytime
frame: (882, 7)    gyro: (6320, 5)    ois: (6755, 3)    
./dataset_release\test\s_118b_outdoor_driving_parallax_night
frame: (800, 7)    gyro: (5723, 5)    ois: (7484, 3)    
----------Start Training----------
 2022-05-11 16:08:32
Epoch: 1, learning_rate: 0.00010
